2025-06-20 19:49:27 - src.core.application - INFO - Initializing SECurityTr8Ker application
2025-06-20 19:49:27 - src.core.application - INFO - SECurityTr8Ker application initialized
2025-06-20 19:49:27 - src.core.application - INFO - Active notification channels: 
2025-06-20 19:49:27 - src.core.application - INFO - Business hours mode: Enabled
2025-06-20 19:49:27 - src.core.application - INFO - Twitter bio updater not available
2025-06-20 19:49:27 - src.core.application - INFO - SECurityTr8Ker starting up...
2025-06-20 19:49:27 - src.core.application - INFO - Starting in business hours mode
2025-06-20 19:49:27 - src.core.application - INFO - Currently within SEC business hours
2025-06-20 19:49:27 - src.core.application - INFO - Fetching SEC RSS feed for 8-K filings...
2025-06-20 19:49:27 - src.core.application - WARNING - No filings found in RSS feed
2025-06-20 19:49:57 - src.core.application - INFO - SECurityTr8Ker shutting down...
2025-06-20 19:49:57 - src.core.application - INFO - SECurityTr8Ker shutdown complete
2025-06-20 19:49:57 - src.core.application - INFO - SECurityTr8Ker shutting down...
2025-06-20 19:51:27 - src.core.application - INFO - Initializing SECurityTr8Ker application
2025-06-20 19:51:27 - src.core.application - INFO - SECurityTr8Ker application initialized
2025-06-20 19:51:27 - src.core.application - INFO - Active notification channels: 
2025-06-20 19:51:27 - src.core.application - INFO - Business hours mode: Enabled
2025-06-20 19:51:27 - src.core.application - INFO - Twitter bio updater not available
2025-06-20 19:51:27 - src.core.application - INFO - SECurityTr8Ker starting up...
2025-06-20 19:51:27 - src.core.application - INFO - Starting in business hours mode
2025-06-20 19:51:27 - src.core.application - INFO - Currently within SEC business hours
2025-06-20 19:51:27 - src.core.application - INFO - Fetching SEC RSS feed for 8-K filings...
2025-06-20 19:51:27 - src.core.application - INFO - Found 159 filings, 159 are new and need processing
2025-06-20 19:51:27 - src.core.application - INFO - Found 159 filings to inspect
2025-06-20 19:51:27 - src.core.application - INFO - Inspecting documents for cybersecurity disclosures...
2025-06-20 19:51:56 - src.core.application - INFO - SECurityTr8Ker shutting down...
2025-06-20 19:51:57 - src.core.application - INFO - SECurityTr8Ker shutdown complete
2025-06-20 19:51:57 - src.core.application - INFO - SECurityTr8Ker shutting down...
2025-06-20 19:53:19 - src.core.application - INFO - Initializing SECurityTr8Ker application
2025-06-20 19:53:19 - src.core.application - INFO - SECurityTr8Ker application initialized
2025-06-20 19:53:19 - src.core.application - INFO - Active notification channels: 
2025-06-20 19:53:19 - src.core.application - INFO - Business hours mode: Disabled
2025-06-20 19:53:19 - src.core.application - INFO - Twitter bio updater not available
2025-06-20 19:53:19 - src.core.application - INFO - SECurityTr8Ker starting up...
2025-06-20 19:53:19 - src.core.application - INFO - Starting in continuous mode (runs 24/7)
2025-06-20 19:53:19 - src.core.application - INFO - Fetching SEC RSS feed for 8-K filings...
2025-06-20 19:53:19 - src.core.application - INFO - Found 157 filings, 157 are new and need processing
2025-06-20 19:53:19 - src.core.application - INFO - Found 157 filings to inspect
2025-06-20 19:53:19 - src.core.application - INFO - Inspecting documents for cybersecurity disclosures...
2025-06-20 19:53:49 - src.core.application - INFO - SECurityTr8Ker shutting down...
2025-06-20 19:53:49 - src.core.application - INFO - SECurityTr8Ker shutdown complete
2025-06-20 19:53:49 - src.core.application - INFO - SECurityTr8Ker shutting down...
